0.000000	8	Disabling sensor
0.000000	8	New reachable
0.000000	8	New reachable
0.000000	8	Initialized
0.000000	11	Disabling sensor
0.000000	11	New reachable
0.000000	11	New reachable
0.000000	11	New reachable
0.000000	11	Initialized
0.000000	15	Disabling sensor
0.000000	15	New reachable
0.000000	15	New reachable
0.000000	15	New reachable
0.000000	15	Initialized
0.000000	19	Disabling sensor
0.000000	19	New reachable
0.000000	19	Initialized
0.000000	23	Disabling sensor
0.000000	23	New reachable
0.000000	23	Initialized
0.000000	27	Disabling sensor
0.000000	27	New reachable
0.000000	27	Initialized
0.000000	31	Disabling sensor
0.000000	31	New reachable
0.000000	31	Initialized
600.197194	15	New query received
600.197194	15	Enabling sensor
600.259560	11	New query received
600.259560	11	Enabling sensor
601.003141	23	New query received
601.003141	23	Enabling sensor
601.003665	31	New query received
601.003665	31	Enabling sensor
601.041721	27	New query received
601.041721	27	Enabling sensor
601.239950	19	New query received
601.239950	19	Enabling sensor
