0.000000	8	Disabling sensor
0.000000	8	New reachable
0.000000	8	New reachable
0.000000	8	New reachable
0.000000	8	New reachable
0.000000	8	New reachable
0.000000	8	Initialized
0.000000	11	Disabling sensor
0.000000	11	New reachable
0.000000	11	New reachable
0.000000	11	New reachable
0.000000	11	Initialized
0.000000	15	Disabling sensor
0.000000	15	New reachable
0.000000	15	New reachable
0.000000	15	New reachable
0.000000	15	Initialized
0.000000	19	Disabling sensor
0.000000	19	New reachable
0.000000	19	New reachable
0.000000	19	Initialized
0.000000	23	Disabling sensor
0.000000	23	New reachable
0.000000	23	Initialized
0.000000	27	Disabling sensor
0.000000	27	New reachable
0.000000	27	New reachable
0.000000	27	New reachable
0.000000	27	Initialized
0.000000	31	Disabling sensor
0.000000	31	New reachable
0.000000	31	Initialized
43.000000	35	Disabling sensor
43.000000	35	New reachable
43.000000	35	Initialized
82.000000	39	Disabling sensor
82.000000	39	New reachable
82.000000	39	New reachable
82.000000	39	Initialized
92.477733	8	New reachable
92.477733	8	New reachable
123.000000	43	Disabling sensor
123.000000	43	New reachable
123.000000	43	Initialized
130.860975	23	New reachable
142.721292	8	New reachable
175.000000	47	Disabling sensor
175.000000	47	New reachable
175.000000	47	New reachable
175.000000	47	Initialized
198.802452	8	New reachable
206.763039	31	New reachable
221.000000	51	Disabling sensor
221.000000	51	New reachable
221.000000	51	New reachable
221.000000	51	Initialized
